#! /c/Source/iverilog-install/bin/vvp
:ivl_version "12.0 (devel)" "(s20150603-1539-g2693dd32b)";
:ivl_delay_selection "TYPICAL";
:vpi_time_precision - 12;
:vpi_module "C:\iverilog\lib\ivl\system.vpi";
:vpi_module "C:\iverilog\lib\ivl\vhdl_sys.vpi";
:vpi_module "C:\iverilog\lib\ivl\vhdl_textio.vpi";
:vpi_module "C:\iverilog\lib\ivl\v2005_math.vpi";
:vpi_module "C:\iverilog\lib\ivl\va_math.vpi";
S_0000020bc0d6dd40 .scope module, "tb_smart_traffic_controller" "tb_smart_traffic_controller" 2 3;
 .timescale -9 -12;
v0000020bc0dd5aa0_0 .var "car_enter", 0 0;
v0000020bc0dd6540_0 .var "car_exit", 0 0;
v0000020bc0dd5960_0 .var "car_sensor", 0 0;
v0000020bc0dd60e0_0 .var "clk", 0 0;
v0000020bc0dd6180_0 .var "emergency", 0 0;
v0000020bc0dd64a0_0 .net "emergency_active", 0 0, v0000020bc0d74c00_0;  1 drivers
v0000020bc0dd6220_0 .var "low_traffic_mode", 0 0;
v0000020bc0dd62c0_0 .net "parking_slots", 3 0, v0000020bc0d74e80_0;  1 drivers
v0000020bc0dd5c80_0 .net "pedestrian_green", 0 0, v0000020bc0d74f20_0;  1 drivers
v0000020bc0dd6360_0 .var "pedestrian_req", 0 0;
v0000020bc0dd65e0_0 .var "reset", 0 0;
v0000020bc0dd5b40_0 .net "traffic_light", 1 0, v0000020bc0dd5f00_0;  1 drivers
S_0000020bc0d7f880 .scope module, "DUT" "smart_traffic_controller" 2 24, 3 1 0, S_0000020bc0d6dd40;
 .timescale 0 0;
    .port_info 0 /INPUT 1 "clk";
    .port_info 1 /INPUT 1 "reset";
    .port_info 2 /INPUT 1 "car_sensor";
    .port_info 3 /INPUT 1 "pedestrian_req";
    .port_info 4 /INPUT 1 "emergency";
    .port_info 5 /INPUT 1 "car_enter";
    .port_info 6 /INPUT 1 "car_exit";
    .port_info 7 /INPUT 1 "low_traffic_mode";
    .port_info 8 /OUTPUT 2 "traffic_light";
    .port_info 9 /OUTPUT 1 "pedestrian_green";
    .port_info 10 /OUTPUT 1 "emergency_active";
    .port_info 11 /OUTPUT 4 "parking_slots";
P_0000020bc0d7fa10 .param/l "s0_IDLE" 1 3 25, C4<000>;
P_0000020bc0d7fa48 .param/l "s1_GREEN" 1 3 26, C4<001>;
P_0000020bc0d7fa80 .param/l "s2_YELLOW" 1 3 27, C4<010>;
P_0000020bc0d7fab8 .param/l "s3_RED" 1 3 28, C4<011>;
P_0000020bc0d7faf0 .param/l "s4_EMERGENCY" 1 3 29, C4<100>;
P_0000020bc0d7fb28 .param/l "s5_PEDESTRIAN" 1 3 30, C4<101>;
P_0000020bc0d7fb60 .param/l "s6_YELLOW_BLINK" 1 3 31, C4<110>;
v0000020bc0d6ded0_0 .net "car_enter", 0 0, v0000020bc0dd5aa0_0;  1 drivers
v0000020bc0d42b10_0 .net "car_exit", 0 0, v0000020bc0dd6540_0;  1 drivers
v0000020bc0d74a20_0 .net "car_sensor", 0 0, v0000020bc0dd5960_0;  1 drivers
v0000020bc0d74ac0_0 .net "clk", 0 0, v0000020bc0dd60e0_0;  1 drivers
v0000020bc0d74b60_0 .net "emergency", 0 0, v0000020bc0dd6180_0;  1 drivers
v0000020bc0d74c00_0 .var "emergency_active", 0 0;
v0000020bc0d74ca0_0 .var "green_limit", 3 0;
v0000020bc0d74d40_0 .net "low_traffic_mode", 0 0, v0000020bc0dd6220_0;  1 drivers
v0000020bc0d74de0_0 .var "next_state", 2 0;
v0000020bc0d74e80_0 .var "parking_slots", 3 0;
v0000020bc0d74f20_0 .var "pedestrian_green", 0 0;
v0000020bc0dd5fa0_0 .net "pedestrian_req", 0 0, v0000020bc0dd6360_0;  1 drivers
v0000020bc0dd6400_0 .net "reset", 0 0, v0000020bc0dd65e0_0;  1 drivers
v0000020bc0dd6040_0 .var "state", 2 0;
v0000020bc0dd5a00_0 .var "timer", 3 0;
v0000020bc0dd5f00_0 .var "traffic_light", 1 0;
E_0000020bc0d6d9c0 .event anyedge, v0000020bc0dd6040_0, v0000020bc0dd5a00_0;
E_0000020bc0d6d240/0 .event anyedge, v0000020bc0dd6040_0, v0000020bc0d74b60_0, v0000020bc0d74d40_0, v0000020bc0dd5fa0_0;
E_0000020bc0d6d240/1 .event anyedge, v0000020bc0d74a20_0, v0000020bc0dd5a00_0, v0000020bc0d74ca0_0;
E_0000020bc0d6d240 .event/or E_0000020bc0d6d240/0, E_0000020bc0d6d240/1;
E_0000020bc0d6ce40 .event anyedge, v0000020bc0d74a20_0;
E_0000020bc0d6d000 .event posedge, v0000020bc0d74ac0_0;
E_0000020bc0d6d040 .event posedge, v0000020bc0dd6400_0, v0000020bc0d74ac0_0;
    .scope S_0000020bc0d7f880;
T_0 ;
    %wait E_0000020bc0d6d040;
    %load/vec4 v0000020bc0dd6400_0;
    %flag_set/vec4 8;
    %jmp/0xz  T_0.0, 8;
    %pushi/vec4 0, 0, 3;
    %assign/vec4 v0000020bc0dd6040_0, 0;
    %pushi/vec4 0, 0, 4;
    %assign/vec4 v0000020bc0dd5a00_0, 0;
    %pushi/vec4 10, 0, 4;
    %assign/vec4 v0000020bc0d74e80_0, 0;
    %jmp T_0.1;
T_0.0 ;
    %load/vec4 v0000020bc0d74de0_0;
    %assign/vec4 v0000020bc0dd6040_0, 0;
    %load/vec4 v0000020bc0dd6040_0;
    %load/vec4 v0000020bc0d74de0_0;
    %cmp/ne;
    %jmp/0xz  T_0.2, 4;
    %pushi/vec4 0, 0, 4;
    %assign/vec4 v0000020bc0dd5a00_0, 0;
    %jmp T_0.3;
T_0.2 ;
    %load/vec4 v0000020bc0dd5a00_0;
    %addi 1, 0, 4;
    %assign/vec4 v0000020bc0dd5a00_0, 0;
T_0.3 ;
T_0.1 ;
    %jmp T_0;
    .thread T_0;
    .scope S_0000020bc0d7f880;
T_1 ;
    %wait E_0000020bc0d6d000;
    %load/vec4 v0000020bc0dd6400_0;
    %nor/r;
    %flag_set/vec4 8;
    %jmp/0xz  T_1.0, 8;
    %load/vec4 v0000020bc0d6ded0_0;
    %flag_set/vec4 9;
    %flag_get/vec4 9;
    %jmp/0 T_1.4, 9;
    %pushi/vec4 0, 0, 32;
    %load/vec4 v0000020bc0d74e80_0;
    %pad/u 32;
    %cmp/u;
    %flag_get/vec4 5;
    %and;
T_1.4;
    %flag_set/vec4 8;
    %jmp/0xz  T_1.2, 8;
    %load/vec4 v0000020bc0d74e80_0;
    %subi 1, 0, 4;
    %assign/vec4 v0000020bc0d74e80_0, 0;
    %jmp T_1.3;
T_1.2 ;
    %load/vec4 v0000020bc0d42b10_0;
    %flag_set/vec4 9;
    %flag_get/vec4 9;
    %jmp/0 T_1.7, 9;
    %load/vec4 v0000020bc0d74e80_0;
    %pad/u 32;
    %cmpi/u 10, 0, 32;
    %flag_get/vec4 5;
    %and;
T_1.7;
    %flag_set/vec4 8;
    %jmp/0xz  T_1.5, 8;
    %load/vec4 v0000020bc0d74e80_0;
    %addi 1, 0, 4;
    %assign/vec4 v0000020bc0d74e80_0, 0;
T_1.5 ;
T_1.3 ;
T_1.0 ;
    %jmp T_1;
    .thread T_1;
    .scope S_0000020bc0d7f880;
T_2 ;
    %wait E_0000020bc0d6ce40;
    %load/vec4 v0000020bc0d74a20_0;
    %nor/r;
    %flag_set/vec4 8;
    %jmp/0xz  T_2.0, 8;
    %pushi/vec4 3, 0, 4;
    %store/vec4 v0000020bc0d74ca0_0, 0, 4;
    %jmp T_2.1;
T_2.0 ;
    %pushi/vec4 6, 0, 4;
    %store/vec4 v0000020bc0d74ca0_0, 0, 4;
T_2.1 ;
    %jmp T_2;
    .thread T_2, $push;
    .scope S_0000020bc0d7f880;
T_3 ;
    %wait E_0000020bc0d6d240;
    %load/vec4 v0000020bc0dd6040_0;
    %store/vec4 v0000020bc0d74de0_0, 0, 3;
    %load/vec4 v0000020bc0dd6040_0;
    %dup/vec4;
    %pushi/vec4 0, 0, 3;
    %cmp/u;
    %jmp/1 T_3.0, 6;
    %dup/vec4;
    %pushi/vec4 1, 0, 3;
    %cmp/u;
    %jmp/1 T_3.1, 6;
    %dup/vec4;
    %pushi/vec4 2, 0, 3;
    %cmp/u;
    %jmp/1 T_3.2, 6;
    %dup/vec4;
    %pushi/vec4 3, 0, 3;
    %cmp/u;
    %jmp/1 T_3.3, 6;
    %dup/vec4;
    %pushi/vec4 5, 0, 3;
    %cmp/u;
    %jmp/1 T_3.4, 6;
    %dup/vec4;
    %pushi/vec4 4, 0, 3;
    %cmp/u;
    %jmp/1 T_3.5, 6;
    %dup/vec4;
    %pushi/vec4 6, 0, 3;
    %cmp/u;
    %jmp/1 T_3.6, 6;
    %pushi/vec4 0, 0, 3;
    %store/vec4 v0000020bc0d74de0_0, 0, 3;
    %jmp T_3.8;
T_3.0 ;
    %load/vec4 v0000020bc0d74b60_0;
    %flag_set/vec4 8;
    %jmp/0xz  T_3.9, 8;
    %pushi/vec4 4, 0, 3;
    %store/vec4 v0000020bc0d74de0_0, 0, 3;
    %jmp T_3.10;
T_3.9 ;
    %load/vec4 v0000020bc0d74d40_0;
    %flag_set/vec4 8;
    %jmp/0xz  T_3.11, 8;
    %pushi/vec4 6, 0, 3;
    %store/vec4 v0000020bc0d74de0_0, 0, 3;
    %jmp T_3.12;
T_3.11 ;
    %load/vec4 v0000020bc0dd5fa0_0;
    %flag_set/vec4 8;
    %jmp/0xz  T_3.13, 8;
    %pushi/vec4 5, 0, 3;
    %store/vec4 v0000020bc0d74de0_0, 0, 3;
    %jmp T_3.14;
T_3.13 ;
    %load/vec4 v0000020bc0d74a20_0;
    %flag_set/vec4 8;
    %jmp/0xz  T_3.15, 8;
    %pushi/vec4 1, 0, 3;
    %store/vec4 v0000020bc0d74de0_0, 0, 3;
T_3.15 ;
T_3.14 ;
T_3.12 ;
T_3.10 ;
    %jmp T_3.8;
T_3.1 ;
    %load/vec4 v0000020bc0d74b60_0;
    %flag_set/vec4 8;
    %jmp/0xz  T_3.17, 8;
    %pushi/vec4 4, 0, 3;
    %store/vec4 v0000020bc0d74de0_0, 0, 3;
    %jmp T_3.18;
T_3.17 ;
    %load/vec4 v0000020bc0d74ca0_0;
    %load/vec4 v0000020bc0dd5a00_0;
    %cmp/u;
    %flag_or 5, 4;
    %jmp/0xz  T_3.19, 5;
    %pushi/vec4 2, 0, 3;
    %store/vec4 v0000020bc0d74de0_0, 0, 3;
T_3.19 ;
T_3.18 ;
    %jmp T_3.8;
T_3.2 ;
    %load/vec4 v0000020bc0dd5a00_0;
    %pad/u 32;
    %cmpi/e 2, 0, 32;
    %jmp/0xz  T_3.21, 4;
    %pushi/vec4 3, 0, 3;
    %store/vec4 v0000020bc0d74de0_0, 0, 3;
T_3.21 ;
    %jmp T_3.8;
T_3.3 ;
    %load/vec4 v0000020bc0dd5a00_0;
    %pad/u 32;
    %cmpi/e 3, 0, 32;
    %jmp/0xz  T_3.23, 4;
    %pushi/vec4 0, 0, 3;
    %store/vec4 v0000020bc0d74de0_0, 0, 3;
T_3.23 ;
    %jmp T_3.8;
T_3.4 ;
    %load/vec4 v0000020bc0dd5a00_0;
    %pad/u 32;
    %cmpi/e 3, 0, 32;
    %jmp/0xz  T_3.25, 4;
    %pushi/vec4 0, 0, 3;
    %store/vec4 v0000020bc0d74de0_0, 0, 3;
T_3.25 ;
    %jmp T_3.8;
T_3.5 ;
    %load/vec4 v0000020bc0d74b60_0;
    %nor/r;
    %flag_set/vec4 8;
    %jmp/0xz  T_3.27, 8;
    %pushi/vec4 0, 0, 3;
    %store/vec4 v0000020bc0d74de0_0, 0, 3;
T_3.27 ;
    %jmp T_3.8;
T_3.6 ;
    %load/vec4 v0000020bc0d74d40_0;
    %nor/r;
    %flag_set/vec4 8;
    %jmp/0xz  T_3.29, 8;
    %pushi/vec4 0, 0, 3;
    %store/vec4 v0000020bc0d74de0_0, 0, 3;
T_3.29 ;
    %jmp T_3.8;
T_3.8 ;
    %pop/vec4 1;
    %jmp T_3;
    .thread T_3, $push;
    .scope S_0000020bc0d7f880;
T_4 ;
    %wait E_0000020bc0d6d9c0;
    %pushi/vec4 0, 0, 2;
    %store/vec4 v0000020bc0dd5f00_0, 0, 2;
    %pushi/vec4 0, 0, 1;
    %store/vec4 v0000020bc0d74f20_0, 0, 1;
    %pushi/vec4 0, 0, 1;
    %store/vec4 v0000020bc0d74c00_0, 0, 1;
    %load/vec4 v0000020bc0dd6040_0;
    %dup/vec4;
    %pushi/vec4 1, 0, 3;
    %cmp/u;
    %jmp/1 T_4.0, 6;
    %dup/vec4;
    %pushi/vec4 2, 0, 3;
    %cmp/u;
    %jmp/1 T_4.1, 6;
    %dup/vec4;
    %pushi/vec4 3, 0, 3;
    %cmp/u;
    %jmp/1 T_4.2, 6;
    %dup/vec4;
    %pushi/vec4 5, 0, 3;
    %cmp/u;
    %jmp/1 T_4.3, 6;
    %dup/vec4;
    %pushi/vec4 4, 0, 3;
    %cmp/u;
    %jmp/1 T_4.4, 6;
    %dup/vec4;
    %pushi/vec4 6, 0, 3;
    %cmp/u;
    %jmp/1 T_4.5, 6;
    %jmp T_4.6;
T_4.0 ;
    %pushi/vec4 2, 0, 2;
    %store/vec4 v0000020bc0dd5f00_0, 0, 2;
    %jmp T_4.6;
T_4.1 ;
    %pushi/vec4 1, 0, 2;
    %store/vec4 v0000020bc0dd5f00_0, 0, 2;
    %jmp T_4.6;
T_4.2 ;
    %pushi/vec4 0, 0, 2;
    %store/vec4 v0000020bc0dd5f00_0, 0, 2;
    %jmp T_4.6;
T_4.3 ;
    %pushi/vec4 0, 0, 2;
    %store/vec4 v0000020bc0dd5f00_0, 0, 2;
    %pushi/vec4 1, 0, 1;
    %store/vec4 v0000020bc0d74f20_0, 0, 1;
    %jmp T_4.6;
T_4.4 ;
    %pushi/vec4 2, 0, 2;
    %store/vec4 v0000020bc0dd5f00_0, 0, 2;
    %pushi/vec4 1, 0, 1;
    %store/vec4 v0000020bc0d74c00_0, 0, 1;
    %jmp T_4.6;
T_4.5 ;
    %load/vec4 v0000020bc0dd5a00_0;
    %parti/s 1, 0, 2;
    %flag_set/vec4 8;
    %jmp/0 T_4.7, 8;
    %pushi/vec4 1, 0, 2;
    %jmp/1 T_4.8, 8;
T_4.7 ; End of true expr.
    %pushi/vec4 0, 0, 2;
    %jmp/0 T_4.8, 8;
 ; End of false expr.
    %blend;
T_4.8;
    %store/vec4 v0000020bc0dd5f00_0, 0, 2;
    %jmp T_4.6;
T_4.6 ;
    %pop/vec4 1;
    %jmp T_4;
    .thread T_4, $push;
    .scope S_0000020bc0d6dd40;
T_5 ;
    %pushi/vec4 0, 0, 1;
    %store/vec4 v0000020bc0dd60e0_0, 0, 1;
T_5.0 ;
    %delay 5000, 0;
    %load/vec4 v0000020bc0dd60e0_0;
    %inv;
    %store/vec4 v0000020bc0dd60e0_0, 0, 1;
    %jmp T_5.0;
    %end;
    .thread T_5;
    .scope S_0000020bc0d6dd40;
T_6 ;
    %pushi/vec4 1, 0, 1;
    %store/vec4 v0000020bc0dd65e0_0, 0, 1;
    %pushi/vec4 0, 0, 1;
    %store/vec4 v0000020bc0dd5960_0, 0, 1;
    %pushi/vec4 0, 0, 1;
    %store/vec4 v0000020bc0dd6360_0, 0, 1;
    %pushi/vec4 0, 0, 1;
    %store/vec4 v0000020bc0dd6180_0, 0, 1;
    %pushi/vec4 0, 0, 1;
    %store/vec4 v0000020bc0dd5aa0_0, 0, 1;
    %pushi/vec4 0, 0, 1;
    %store/vec4 v0000020bc0dd6540_0, 0, 1;
    %pushi/vec4 0, 0, 1;
    %store/vec4 v0000020bc0dd6220_0, 0, 1;
    %vpi_call 2 57 "$dumpfile", "smart_traffic.vcd" {0 0 0};
    %vpi_call 2 58 "$dumpvars", 32'sb00000000000000000000000000000000, S_0000020bc0d6dd40 {0 0 0};
    %delay 20000, 0;
    %pushi/vec4 0, 0, 1;
    %store/vec4 v0000020bc0dd65e0_0, 0, 1;
    %delay 20000, 0;
    %pushi/vec4 1, 0, 1;
    %store/vec4 v0000020bc0dd5960_0, 0, 1;
    %delay 100000, 0;
    %pushi/vec4 0, 0, 1;
    %store/vec4 v0000020bc0dd5960_0, 0, 1;
    %delay 30000, 0;
    %pushi/vec4 1, 0, 1;
    %store/vec4 v0000020bc0dd6360_0, 0, 1;
    %delay 20000, 0;
    %pushi/vec4 0, 0, 1;
    %store/vec4 v0000020bc0dd6360_0, 0, 1;
    %delay 120000, 0;
    %pushi/vec4 1, 0, 1;
    %store/vec4 v0000020bc0dd6360_0, 0, 1;
    %delay 20000, 0;
    %pushi/vec4 0, 0, 1;
    %store/vec4 v0000020bc0dd6360_0, 0, 1;
    %delay 30000, 0;
    %pushi/vec4 1, 0, 1;
    %store/vec4 v0000020bc0dd5aa0_0, 0, 1;
    %delay 10000, 0;
    %pushi/vec4 0, 0, 1;
    %store/vec4 v0000020bc0dd5aa0_0, 0, 1;
    %delay 40000, 0;
    %pushi/vec4 1, 0, 1;
    %store/vec4 v0000020bc0dd6540_0, 0, 1;
    %delay 10000, 0;
    %pushi/vec4 0, 0, 1;
    %store/vec4 v0000020bc0dd6540_0, 0, 1;
    %delay 50000, 0;
    %pushi/vec4 1, 0, 1;
    %store/vec4 v0000020bc0dd6180_0, 0, 1;
    %delay 40000, 0;
    %pushi/vec4 0, 0, 1;
    %store/vec4 v0000020bc0dd6180_0, 0, 1;
    %delay 50000, 0;
    %pushi/vec4 1, 0, 1;
    %store/vec4 v0000020bc0dd6220_0, 0, 1;
    %delay 100000, 0;
    %pushi/vec4 0, 0, 1;
    %store/vec4 v0000020bc0dd6220_0, 0, 1;
    %delay 200000, 0;
    %vpi_call 2 93 "$finish" {0 0 0};
    %end;
    .thread T_6;
# The file index is used to find the file name in the following table.
:file_names 4;
    "N/A";
    "<interactive>";
    "tb_trafficv4.v";
    "trafficv4.v";
